2021-02-08 14:15:55,126 : WARN  : Worker-0: Workflow Coach loader :  : HadoopInitializer :  :  : Unable to find 'msvcr100.dll' at hadoop home creation.
2021-02-08 14:16:46,673 : ERROR : KNIME-ConfigurationArea-Checker :  : ConfigurationAreaChecker :  :  : Can't check integrity of configuration area ("C:\Program Files\KNIME\configuration"): The process cannot access the file because another process has locked a portion of the file
java.io.IOException: The process cannot access the file because another process has locked a portion of the file
	at sun.nio.ch.FileDispatcherImpl.write0(Native Method)
	at sun.nio.ch.FileDispatcherImpl.write(FileDispatcherImpl.java:75)
	at sun.nio.ch.IOUtil.writeFromNativeBuffer(IOUtil.java:93)
	at sun.nio.ch.IOUtil.write(IOUtil.java:65)
	at sun.nio.ch.FileChannelImpl.write(FileChannelImpl.java:211)
	at org.knime.core.internal.ConfigurationAreaChecker.lambda$0(ConfigurationAreaChecker.java:135)
	at java.lang.Thread.run(Thread.java:748)
2021-02-08 14:25:32,263 : WARN  : Worker-0: Workflow Coach loader :  : HadoopInitializer :  :  : Unable to find 'msvcr100.dll' at hadoop home creation.
2021-02-08 14:49:06,942 : WARN  : Basic L&F File Loading Thread :  : NioFile :  :  : Could not list files in '/': null
2021-02-08 14:52:37,688 : ERROR : KNIME-Worker-5-CSV Writer 0:26 :  : Node : CSV Writer : 0:26 : Execute failed: Could not write file: C:\Users\Felipe\Documents\GitHub\sa-artea\Prep-VVG-Gallery\Data\Star\Large\img-data.csv.
java.io.IOException: Could not write file: C:\Users\Felipe\Documents\GitHub\sa-artea\Prep-VVG-Gallery\Data\Star\Large\img-data.csv.
	at org.knime.workbench.explorer.ExplorerURLStreamHandler$ExplorerURLConnection.getOutputStream(ExplorerURLStreamHandler.java:458)
	at org.knime.core.util.WrappedURLOutputStream.<init>(WrappedURLOutputStream.java:78)
	at org.knime.core.util.FileUtil.openOutputStream(FileUtil.java:1382)
	at org.knime.core.util.FileUtil.openOutputStream(FileUtil.java:1363)
	at org.knime.filehandling.core.connections.knimeremote.KNIMERemoteFileSystemProvider.newOutputStreamInternal(KNIMERemoteFileSystemProvider.java:156)
	at org.knime.filehandling.core.connections.knimeremote.KNIMERemoteFileSystemProvider.newOutputStreamInternal(KNIMERemoteFileSystemProvider.java:1)
	at org.knime.filehandling.core.connections.base.BaseFileSystemProvider.newOutputStream(BaseFileSystemProvider.java:460)
	at java.nio.file.Files.newOutputStream(Files.java:216)
	at org.knime.filehandling.core.connections.FSFiles.newOutputStream(FSFiles.java:133)
	at org.knime.base.node.io.filehandling.csv.writer.CSVWriter2NodeModel.createOutputStream(CSVWriter2NodeModel.java:211)
	at org.knime.base.node.io.filehandling.csv.writer.CSVWriter2NodeModel.writeToFile(CSVWriter2NodeModel.java:166)
	at org.knime.base.node.io.filehandling.csv.writer.CSVWriter2NodeModel.execute(CSVWriter2NodeModel.java:146)
	at org.knime.base.node.io.filehandling.csv.writer.CSVWriter2NodeModel.execute(CSVWriter2NodeModel.java:1)
	at org.knime.core.node.NodeModel.executeModel(NodeModel.java:576)
	at org.knime.core.node.Node.invokeFullyNodeModelExecute(Node.java:1245)
	at org.knime.core.node.Node.execute(Node.java:1025)
	at org.knime.core.node.workflow.NativeNodeContainer.performExecuteNode(NativeNodeContainer.java:558)
	at org.knime.core.node.exec.LocalNodeExecutionJob.mainExecute(LocalNodeExecutionJob.java:95)
	at org.knime.core.node.workflow.NodeExecutionJob.internalRun(NodeExecutionJob.java:201)
	at org.knime.core.node.workflow.NodeExecutionJob.run(NodeExecutionJob.java:117)
	at org.knime.core.util.ThreadUtils$RunnableWithContextImpl.runWithContext(ThreadUtils.java:334)
	at org.knime.core.util.ThreadUtils$RunnableWithContext.run(ThreadUtils.java:210)
	at java.util.concurrent.Executors$RunnableAdapter.call(Executors.java:511)
	at java.util.concurrent.FutureTask.run(FutureTask.java:266)
	at org.knime.core.util.ThreadPool$MyFuture.run(ThreadPool.java:123)
	at org.knime.core.util.ThreadPool$Worker.run(ThreadPool.java:246)
Caused by: org.eclipse.core.runtime.CoreException: Could not write file: C:\Users\Felipe\Documents\GitHub\sa-artea\Prep-VVG-Gallery\Data\Star\Large\img-data.csv.
	at org.eclipse.core.internal.filesystem.Policy.error(Policy.java:48)
	at org.eclipse.core.internal.filesystem.local.LocalFile.openOutputStream(LocalFile.java:434)
	at org.knime.workbench.explorer.localworkspace.LocalWorkspaceFileStore.openOutputStream(LocalWorkspaceFileStore.java:283)
	at org.knime.workbench.explorer.ExplorerURLStreamHandler$ExplorerURLConnection.getOutputStream(ExplorerURLStreamHandler.java:456)
	... 25 more
Caused by: java.io.FileNotFoundException: C:\Users\Felipe\Documents\GitHub\sa-artea\Prep-VVG-Gallery\Data\Star\Large\img-data.csv (The system cannot find the path specified)
	at java.io.FileOutputStream.open0(Native Method)
	at java.io.FileOutputStream.open(FileOutputStream.java:270)
	at java.io.FileOutputStream.<init>(FileOutputStream.java:213)
	at org.eclipse.core.internal.filesystem.local.LocalFile.openOutputStream(LocalFile.java:424)
	... 27 more
2021-02-08 14:52:38,671 : ERROR : KNIME-Worker-18-CSV Writer 0:20 :  : Node : CSV Writer : 0:20 : Execute failed: Could not write file: C:\Users\Felipe\Documents\GitHub\sa-artea\Prep-VVG-Gallery\Data\Star\Large\description-alt.csv.
java.io.IOException: Could not write file: C:\Users\Felipe\Documents\GitHub\sa-artea\Prep-VVG-Gallery\Data\Star\Large\description-alt.csv.
	at org.knime.workbench.explorer.ExplorerURLStreamHandler$ExplorerURLConnection.getOutputStream(ExplorerURLStreamHandler.java:458)
	at org.knime.core.util.WrappedURLOutputStream.<init>(WrappedURLOutputStream.java:78)
	at org.knime.core.util.FileUtil.openOutputStream(FileUtil.java:1382)
	at org.knime.core.util.FileUtil.openOutputStream(FileUtil.java:1363)
	at org.knime.filehandling.core.connections.knimeremote.KNIMERemoteFileSystemProvider.newOutputStreamInternal(KNIMERemoteFileSystemProvider.java:156)
	at org.knime.filehandling.core.connections.knimeremote.KNIMERemoteFileSystemProvider.newOutputStreamInternal(KNIMERemoteFileSystemProvider.java:1)
	at org.knime.filehandling.core.connections.base.BaseFileSystemProvider.newOutputStream(BaseFileSystemProvider.java:460)
	at java.nio.file.Files.newOutputStream(Files.java:216)
	at org.knime.filehandling.core.connections.FSFiles.newOutputStream(FSFiles.java:133)
	at org.knime.base.node.io.filehandling.csv.writer.CSVWriter2NodeModel.createOutputStream(CSVWriter2NodeModel.java:211)
	at org.knime.base.node.io.filehandling.csv.writer.CSVWriter2NodeModel.writeToFile(CSVWriter2NodeModel.java:166)
	at org.knime.base.node.io.filehandling.csv.writer.CSVWriter2NodeModel.execute(CSVWriter2NodeModel.java:146)
	at org.knime.base.node.io.filehandling.csv.writer.CSVWriter2NodeModel.execute(CSVWriter2NodeModel.java:1)
	at org.knime.core.node.NodeModel.executeModel(NodeModel.java:576)
	at org.knime.core.node.Node.invokeFullyNodeModelExecute(Node.java:1245)
	at org.knime.core.node.Node.execute(Node.java:1025)
	at org.knime.core.node.workflow.NativeNodeContainer.performExecuteNode(NativeNodeContainer.java:558)
	at org.knime.core.node.exec.LocalNodeExecutionJob.mainExecute(LocalNodeExecutionJob.java:95)
	at org.knime.core.node.workflow.NodeExecutionJob.internalRun(NodeExecutionJob.java:201)
	at org.knime.core.node.workflow.NodeExecutionJob.run(NodeExecutionJob.java:117)
	at org.knime.core.util.ThreadUtils$RunnableWithContextImpl.runWithContext(ThreadUtils.java:334)
	at org.knime.core.util.ThreadUtils$RunnableWithContext.run(ThreadUtils.java:210)
	at java.util.concurrent.Executors$RunnableAdapter.call(Executors.java:511)
	at java.util.concurrent.FutureTask.run(FutureTask.java:266)
	at org.knime.core.util.ThreadPool$MyFuture.run(ThreadPool.java:123)
	at org.knime.core.util.ThreadPool$Worker.run(ThreadPool.java:246)
Caused by: org.eclipse.core.runtime.CoreException: Could not write file: C:\Users\Felipe\Documents\GitHub\sa-artea\Prep-VVG-Gallery\Data\Star\Large\description-alt.csv.
	at org.eclipse.core.internal.filesystem.Policy.error(Policy.java:48)
	at org.eclipse.core.internal.filesystem.local.LocalFile.openOutputStream(LocalFile.java:434)
	at org.knime.workbench.explorer.localworkspace.LocalWorkspaceFileStore.openOutputStream(LocalWorkspaceFileStore.java:283)
	at org.knime.workbench.explorer.ExplorerURLStreamHandler$ExplorerURLConnection.getOutputStream(ExplorerURLStreamHandler.java:456)
	... 25 more
Caused by: java.io.FileNotFoundException: C:\Users\Felipe\Documents\GitHub\sa-artea\Prep-VVG-Gallery\Data\Star\Large\description-alt.csv (The system cannot find the path specified)
	at java.io.FileOutputStream.open0(Native Method)
	at java.io.FileOutputStream.open(FileOutputStream.java:270)
	at java.io.FileOutputStream.<init>(FileOutputStream.java:213)
	at org.eclipse.core.internal.filesystem.local.LocalFile.openOutputStream(LocalFile.java:424)
	... 27 more
2021-02-08 14:52:38,672 : ERROR : KNIME-Worker-32-CSV Writer 0:23 :  : Node : CSV Writer : 0:23 : Execute failed: Could not write file: C:\Users\Felipe\Documents\GitHub\sa-artea\Prep-VVG-Gallery\Data\Star\Large\related-work-altl.csv.
java.io.IOException: Could not write file: C:\Users\Felipe\Documents\GitHub\sa-artea\Prep-VVG-Gallery\Data\Star\Large\related-work-altl.csv.
	at org.knime.workbench.explorer.ExplorerURLStreamHandler$ExplorerURLConnection.getOutputStream(ExplorerURLStreamHandler.java:458)
	at org.knime.core.util.WrappedURLOutputStream.<init>(WrappedURLOutputStream.java:78)
	at org.knime.core.util.FileUtil.openOutputStream(FileUtil.java:1382)
	at org.knime.core.util.FileUtil.openOutputStream(FileUtil.java:1363)
	at org.knime.filehandling.core.connections.knimeremote.KNIMERemoteFileSystemProvider.newOutputStreamInternal(KNIMERemoteFileSystemProvider.java:156)
	at org.knime.filehandling.core.connections.knimeremote.KNIMERemoteFileSystemProvider.newOutputStreamInternal(KNIMERemoteFileSystemProvider.java:1)
	at org.knime.filehandling.core.connections.base.BaseFileSystemProvider.newOutputStream(BaseFileSystemProvider.java:460)
	at java.nio.file.Files.newOutputStream(Files.java:216)
	at org.knime.filehandling.core.connections.FSFiles.newOutputStream(FSFiles.java:133)
	at org.knime.base.node.io.filehandling.csv.writer.CSVWriter2NodeModel.createOutputStream(CSVWriter2NodeModel.java:211)
	at org.knime.base.node.io.filehandling.csv.writer.CSVWriter2NodeModel.writeToFile(CSVWriter2NodeModel.java:166)
	at org.knime.base.node.io.filehandling.csv.writer.CSVWriter2NodeModel.execute(CSVWriter2NodeModel.java:146)
	at org.knime.base.node.io.filehandling.csv.writer.CSVWriter2NodeModel.execute(CSVWriter2NodeModel.java:1)
	at org.knime.core.node.NodeModel.executeModel(NodeModel.java:576)
	at org.knime.core.node.Node.invokeFullyNodeModelExecute(Node.java:1245)
	at org.knime.core.node.Node.execute(Node.java:1025)
	at org.knime.core.node.workflow.NativeNodeContainer.performExecuteNode(NativeNodeContainer.java:558)
	at org.knime.core.node.exec.LocalNodeExecutionJob.mainExecute(LocalNodeExecutionJob.java:95)
	at org.knime.core.node.workflow.NodeExecutionJob.internalRun(NodeExecutionJob.java:201)
	at org.knime.core.node.workflow.NodeExecutionJob.run(NodeExecutionJob.java:117)
	at org.knime.core.util.ThreadUtils$RunnableWithContextImpl.runWithContext(ThreadUtils.java:334)
	at org.knime.core.util.ThreadUtils$RunnableWithContext.run(ThreadUtils.java:210)
	at java.util.concurrent.Executors$RunnableAdapter.call(Executors.java:511)
	at java.util.concurrent.FutureTask.run(FutureTask.java:266)
	at org.knime.core.util.ThreadPool$MyFuture.run(ThreadPool.java:123)
	at org.knime.core.util.ThreadPool$Worker.run(ThreadPool.java:246)
Caused by: org.eclipse.core.runtime.CoreException: Could not write file: C:\Users\Felipe\Documents\GitHub\sa-artea\Prep-VVG-Gallery\Data\Star\Large\related-work-altl.csv.
	at org.eclipse.core.internal.filesystem.Policy.error(Policy.java:48)
	at org.eclipse.core.internal.filesystem.local.LocalFile.openOutputStream(LocalFile.java:434)
	at org.knime.workbench.explorer.localworkspace.LocalWorkspaceFileStore.openOutputStream(LocalWorkspaceFileStore.java:283)
	at org.knime.workbench.explorer.ExplorerURLStreamHandler$ExplorerURLConnection.getOutputStream(ExplorerURLStreamHandler.java:456)
	... 25 more
Caused by: java.io.FileNotFoundException: C:\Users\Felipe\Documents\GitHub\sa-artea\Prep-VVG-Gallery\Data\Star\Large\related-work-altl.csv (The system cannot find the path specified)
	at java.io.FileOutputStream.open0(Native Method)
	at java.io.FileOutputStream.open(FileOutputStream.java:270)
	at java.io.FileOutputStream.<init>(FileOutputStream.java:213)
	at org.eclipse.core.internal.filesystem.local.LocalFile.openOutputStream(LocalFile.java:424)
	... 27 more
2021-02-08 14:52:38,672 : ERROR : KNIME-Worker-29-CSV Writer 0:22 :  : Node : CSV Writer : 0:22 : Execute failed: Could not write file: C:\Users\Felipe\Documents\GitHub\sa-artea\Prep-VVG-Gallery\Data\Star\Large\search-tags-alt.csv.
java.io.IOException: Could not write file: C:\Users\Felipe\Documents\GitHub\sa-artea\Prep-VVG-Gallery\Data\Star\Large\search-tags-alt.csv.
	at org.knime.workbench.explorer.ExplorerURLStreamHandler$ExplorerURLConnection.getOutputStream(ExplorerURLStreamHandler.java:458)
	at org.knime.core.util.WrappedURLOutputStream.<init>(WrappedURLOutputStream.java:78)
	at org.knime.core.util.FileUtil.openOutputStream(FileUtil.java:1382)
	at org.knime.core.util.FileUtil.openOutputStream(FileUtil.java:1363)
	at org.knime.filehandling.core.connections.knimeremote.KNIMERemoteFileSystemProvider.newOutputStreamInternal(KNIMERemoteFileSystemProvider.java:156)
	at org.knime.filehandling.core.connections.knimeremote.KNIMERemoteFileSystemProvider.newOutputStreamInternal(KNIMERemoteFileSystemProvider.java:1)
	at org.knime.filehandling.core.connections.base.BaseFileSystemProvider.newOutputStream(BaseFileSystemProvider.java:460)
	at java.nio.file.Files.newOutputStream(Files.java:216)
	at org.knime.filehandling.core.connections.FSFiles.newOutputStream(FSFiles.java:133)
	at org.knime.base.node.io.filehandling.csv.writer.CSVWriter2NodeModel.createOutputStream(CSVWriter2NodeModel.java:211)
	at org.knime.base.node.io.filehandling.csv.writer.CSVWriter2NodeModel.writeToFile(CSVWriter2NodeModel.java:166)
	at org.knime.base.node.io.filehandling.csv.writer.CSVWriter2NodeModel.execute(CSVWriter2NodeModel.java:146)
	at org.knime.base.node.io.filehandling.csv.writer.CSVWriter2NodeModel.execute(CSVWriter2NodeModel.java:1)
	at org.knime.core.node.NodeModel.executeModel(NodeModel.java:576)
	at org.knime.core.node.Node.invokeFullyNodeModelExecute(Node.java:1245)
	at org.knime.core.node.Node.execute(Node.java:1025)
	at org.knime.core.node.workflow.NativeNodeContainer.performExecuteNode(NativeNodeContainer.java:558)
	at org.knime.core.node.exec.LocalNodeExecutionJob.mainExecute(LocalNodeExecutionJob.java:95)
	at org.knime.core.node.workflow.NodeExecutionJob.internalRun(NodeExecutionJob.java:201)
	at org.knime.core.node.workflow.NodeExecutionJob.run(NodeExecutionJob.java:117)
	at org.knime.core.util.ThreadUtils$RunnableWithContextImpl.runWithContext(ThreadUtils.java:334)
	at org.knime.core.util.ThreadUtils$RunnableWithContext.run(ThreadUtils.java:210)
	at java.util.concurrent.Executors$RunnableAdapter.call(Executors.java:511)
	at java.util.concurrent.FutureTask.run(FutureTask.java:266)
	at org.knime.core.util.ThreadPool$MyFuture.run(ThreadPool.java:123)
	at org.knime.core.util.ThreadPool$Worker.run(ThreadPool.java:246)
Caused by: org.eclipse.core.runtime.CoreException: Could not write file: C:\Users\Felipe\Documents\GitHub\sa-artea\Prep-VVG-Gallery\Data\Star\Large\search-tags-alt.csv.
	at org.eclipse.core.internal.filesystem.Policy.error(Policy.java:48)
	at org.eclipse.core.internal.filesystem.local.LocalFile.openOutputStream(LocalFile.java:434)
	at org.knime.workbench.explorer.localworkspace.LocalWorkspaceFileStore.openOutputStream(LocalWorkspaceFileStore.java:283)
	at org.knime.workbench.explorer.ExplorerURLStreamHandler$ExplorerURLConnection.getOutputStream(ExplorerURLStreamHandler.java:456)
	... 25 more
Caused by: java.io.FileNotFoundException: C:\Users\Felipe\Documents\GitHub\sa-artea\Prep-VVG-Gallery\Data\Star\Large\search-tags-alt.csv (The system cannot find the path specified)
	at java.io.FileOutputStream.open0(Native Method)
	at java.io.FileOutputStream.open(FileOutputStream.java:270)
	at java.io.FileOutputStream.<init>(FileOutputStream.java:213)
	at org.eclipse.core.internal.filesystem.local.LocalFile.openOutputStream(LocalFile.java:424)
	... 27 more
2021-02-08 14:52:38,672 : ERROR : KNIME-Worker-25-CSV Writer 0:21 :  : Node : CSV Writer : 0:21 : Execute failed: Could not write file: C:\Users\Felipe\Documents\GitHub\sa-artea\Prep-VVG-Gallery\Data\Star\Large\data-object-alt.csv.
java.io.IOException: Could not write file: C:\Users\Felipe\Documents\GitHub\sa-artea\Prep-VVG-Gallery\Data\Star\Large\data-object-alt.csv.
	at org.knime.workbench.explorer.ExplorerURLStreamHandler$ExplorerURLConnection.getOutputStream(ExplorerURLStreamHandler.java:458)
	at org.knime.core.util.WrappedURLOutputStream.<init>(WrappedURLOutputStream.java:78)
	at org.knime.core.util.FileUtil.openOutputStream(FileUtil.java:1382)
	at org.knime.core.util.FileUtil.openOutputStream(FileUtil.java:1363)
	at org.knime.filehandling.core.connections.knimeremote.KNIMERemoteFileSystemProvider.newOutputStreamInternal(KNIMERemoteFileSystemProvider.java:156)
	at org.knime.filehandling.core.connections.knimeremote.KNIMERemoteFileSystemProvider.newOutputStreamInternal(KNIMERemoteFileSystemProvider.java:1)
	at org.knime.filehandling.core.connections.base.BaseFileSystemProvider.newOutputStream(BaseFileSystemProvider.java:460)
	at java.nio.file.Files.newOutputStream(Files.java:216)
	at org.knime.filehandling.core.connections.FSFiles.newOutputStream(FSFiles.java:133)
	at org.knime.base.node.io.filehandling.csv.writer.CSVWriter2NodeModel.createOutputStream(CSVWriter2NodeModel.java:211)
	at org.knime.base.node.io.filehandling.csv.writer.CSVWriter2NodeModel.writeToFile(CSVWriter2NodeModel.java:166)
	at org.knime.base.node.io.filehandling.csv.writer.CSVWriter2NodeModel.execute(CSVWriter2NodeModel.java:146)
	at org.knime.base.node.io.filehandling.csv.writer.CSVWriter2NodeModel.execute(CSVWriter2NodeModel.java:1)
	at org.knime.core.node.NodeModel.executeModel(NodeModel.java:576)
	at org.knime.core.node.Node.invokeFullyNodeModelExecute(Node.java:1245)
	at org.knime.core.node.Node.execute(Node.java:1025)
	at org.knime.core.node.workflow.NativeNodeContainer.performExecuteNode(NativeNodeContainer.java:558)
	at org.knime.core.node.exec.LocalNodeExecutionJob.mainExecute(LocalNodeExecutionJob.java:95)
	at org.knime.core.node.workflow.NodeExecutionJob.internalRun(NodeExecutionJob.java:201)
	at org.knime.core.node.workflow.NodeExecutionJob.run(NodeExecutionJob.java:117)
	at org.knime.core.util.ThreadUtils$RunnableWithContextImpl.runWithContext(ThreadUtils.java:334)
	at org.knime.core.util.ThreadUtils$RunnableWithContext.run(ThreadUtils.java:210)
	at java.util.concurrent.Executors$RunnableAdapter.call(Executors.java:511)
	at java.util.concurrent.FutureTask.run(FutureTask.java:266)
	at org.knime.core.util.ThreadPool$MyFuture.run(ThreadPool.java:123)
	at org.knime.core.util.ThreadPool$Worker.run(ThreadPool.java:246)
Caused by: org.eclipse.core.runtime.CoreException: Could not write file: C:\Users\Felipe\Documents\GitHub\sa-artea\Prep-VVG-Gallery\Data\Star\Large\data-object-alt.csv.
	at org.eclipse.core.internal.filesystem.Policy.error(Policy.java:48)
	at org.eclipse.core.internal.filesystem.local.LocalFile.openOutputStream(LocalFile.java:434)
	at org.knime.workbench.explorer.localworkspace.LocalWorkspaceFileStore.openOutputStream(LocalWorkspaceFileStore.java:283)
	at org.knime.workbench.explorer.ExplorerURLStreamHandler$ExplorerURLConnection.getOutputStream(ExplorerURLStreamHandler.java:456)
	... 25 more
Caused by: java.io.FileNotFoundException: C:\Users\Felipe\Documents\GitHub\sa-artea\Prep-VVG-Gallery\Data\Star\Large\data-object-alt.csv (The system cannot find the path specified)
	at java.io.FileOutputStream.open0(Native Method)
	at java.io.FileOutputStream.open(FileOutputStream.java:270)
	at java.io.FileOutputStream.<init>(FileOutputStream.java:213)
	at org.eclipse.core.internal.filesystem.local.LocalFile.openOutputStream(LocalFile.java:424)
	... 27 more
2021-02-08 14:52:38,799 : ERROR : KNIME-Worker-7-CSV Writer 0:45 :  : Node : CSV Writer : 0:45 : Execute failed: Could not write file: C:\Users\Felipe\Documents\GitHub\sa-artea\Prep-VVG-Gallery\Data\Star\Large\VVG-Star-Gallery-Collection.csv.
java.io.IOException: Could not write file: C:\Users\Felipe\Documents\GitHub\sa-artea\Prep-VVG-Gallery\Data\Star\Large\VVG-Star-Gallery-Collection.csv.
	at org.knime.workbench.explorer.ExplorerURLStreamHandler$ExplorerURLConnection.getOutputStream(ExplorerURLStreamHandler.java:458)
	at org.knime.core.util.WrappedURLOutputStream.<init>(WrappedURLOutputStream.java:78)
	at org.knime.core.util.FileUtil.openOutputStream(FileUtil.java:1382)
	at org.knime.core.util.FileUtil.openOutputStream(FileUtil.java:1363)
	at org.knime.filehandling.core.connections.knimeremote.KNIMERemoteFileSystemProvider.newOutputStreamInternal(KNIMERemoteFileSystemProvider.java:156)
	at org.knime.filehandling.core.connections.knimeremote.KNIMERemoteFileSystemProvider.newOutputStreamInternal(KNIMERemoteFileSystemProvider.java:1)
	at org.knime.filehandling.core.connections.base.BaseFileSystemProvider.newOutputStream(BaseFileSystemProvider.java:460)
	at java.nio.file.Files.newOutputStream(Files.java:216)
	at org.knime.filehandling.core.connections.FSFiles.newOutputStream(FSFiles.java:133)
	at org.knime.base.node.io.filehandling.csv.writer.CSVWriter2NodeModel.createOutputStream(CSVWriter2NodeModel.java:211)
	at org.knime.base.node.io.filehandling.csv.writer.CSVWriter2NodeModel.writeToFile(CSVWriter2NodeModel.java:166)
	at org.knime.base.node.io.filehandling.csv.writer.CSVWriter2NodeModel.execute(CSVWriter2NodeModel.java:146)
	at org.knime.base.node.io.filehandling.csv.writer.CSVWriter2NodeModel.execute(CSVWriter2NodeModel.java:1)
	at org.knime.core.node.NodeModel.executeModel(NodeModel.java:576)
	at org.knime.core.node.Node.invokeFullyNodeModelExecute(Node.java:1245)
	at org.knime.core.node.Node.execute(Node.java:1025)
	at org.knime.core.node.workflow.NativeNodeContainer.performExecuteNode(NativeNodeContainer.java:558)
	at org.knime.core.node.exec.LocalNodeExecutionJob.mainExecute(LocalNodeExecutionJob.java:95)
	at org.knime.core.node.workflow.NodeExecutionJob.internalRun(NodeExecutionJob.java:201)
	at org.knime.core.node.workflow.NodeExecutionJob.run(NodeExecutionJob.java:117)
	at org.knime.core.util.ThreadUtils$RunnableWithContextImpl.runWithContext(ThreadUtils.java:334)
	at org.knime.core.util.ThreadUtils$RunnableWithContext.run(ThreadUtils.java:210)
	at java.util.concurrent.Executors$RunnableAdapter.call(Executors.java:511)
	at java.util.concurrent.FutureTask.run(FutureTask.java:266)
	at org.knime.core.util.ThreadPool$MyFuture.run(ThreadPool.java:123)
	at org.knime.core.util.ThreadPool$Worker.run(ThreadPool.java:246)
Caused by: org.eclipse.core.runtime.CoreException: Could not write file: C:\Users\Felipe\Documents\GitHub\sa-artea\Prep-VVG-Gallery\Data\Star\Large\VVG-Star-Gallery-Collection.csv.
	at org.eclipse.core.internal.filesystem.Policy.error(Policy.java:48)
	at org.eclipse.core.internal.filesystem.local.LocalFile.openOutputStream(LocalFile.java:434)
	at org.knime.workbench.explorer.localworkspace.LocalWorkspaceFileStore.openOutputStream(LocalWorkspaceFileStore.java:283)
	at org.knime.workbench.explorer.ExplorerURLStreamHandler$ExplorerURLConnection.getOutputStream(ExplorerURLStreamHandler.java:456)
	... 25 more
Caused by: java.io.FileNotFoundException: C:\Users\Felipe\Documents\GitHub\sa-artea\Prep-VVG-Gallery\Data\Star\Large\VVG-Star-Gallery-Collection.csv (The system cannot find the path specified)
	at java.io.FileOutputStream.open0(Native Method)
	at java.io.FileOutputStream.open(FileOutputStream.java:270)
	at java.io.FileOutputStream.<init>(FileOutputStream.java:213)
	at org.eclipse.core.internal.filesystem.local.LocalFile.openOutputStream(LocalFile.java:424)
	... 27 more
